0 info it worked if it ends with ok
1 verbose cli [ 'D:\\Program Files\\nodejs\\node.exe',
1 verbose cli   'D:\\Program Files\\nodejs\\node_modules\\npm\\bin\\npm-cli.js',
1 verbose cli   'run',
1 verbose cli   'tsc' ]
2 info using npm@3.10.3
3 info using node@v6.7.0
4 verbose run-script [ 'pretsc', 'tsc', 'posttsc' ]
5 info lifecycle bike-app@1.0.0~pretsc: bike-app@1.0.0
6 silly lifecycle bike-app@1.0.0~pretsc: no script for pretsc, continuing
7 info lifecycle bike-app@1.0.0~tsc: bike-app@1.0.0
8 verbose lifecycle bike-app@1.0.0~tsc: unsafe-perm in lifecycle true
9 verbose lifecycle bike-app@1.0.0~tsc: PATH: D:\Program Files\nodejs\node_modules\npm\bin\node-gyp-bin;D:\Documents\bike\public\node_modules\.bin;D:\Program Files\nodejs;C:\Users\Anthony\bin;D:\Program Files\Git\mingw64\bin;D:\Program Files\Git\usr\local\bin;D:\Program Files\Git\usr\bin;D:\Program Files\Git\usr\bin;D:\Program Files\Git\mingw64\bin;D:\Program Files\Git\usr\bin;C:\Users\Anthony\bin;C:\ProgramData\Oracle\Java\javapath;C:\WINDOWS\system32;C:\WINDOWS;C:\WINDOWS\System32\Wbem;C:\WINDOWS\System32\WindowsPowerShell\v1.0;D:\Program Files\Git\cmd;D:\xampp\php;C:\ProgramData\ComposerSetup\bin;D:\Program Files\nodejs;C:\Users\Anthony\AppData\Local\Microsoft\WindowsApps;C:\Users\Anthony\AppData\Roaming\Composer\vendor\bin;C:\Users\Anthony\AppData\Roaming\npm;D:\Program Files\Git\usr\bin\vendor_perl;D:\Program Files\Git\usr\bin\core_perl
10 verbose lifecycle bike-app@1.0.0~tsc: CWD: D:\Documents\bike\public
11 silly lifecycle bike-app@1.0.0~tsc: Args: [ '/d /s /c', 'tsc' ]
12 silly lifecycle bike-app@1.0.0~tsc: Returned: code: 2  signal: null
13 info lifecycle bike-app@1.0.0~tsc: Failed to exec tsc script
14 verbose stack Error: bike-app@1.0.0 tsc: `tsc`
14 verbose stack Exit status 2
14 verbose stack     at EventEmitter.<anonymous> (D:\Program Files\nodejs\node_modules\npm\lib\utils\lifecycle.js:242:16)
14 verbose stack     at emitTwo (events.js:106:13)
14 verbose stack     at EventEmitter.emit (events.js:191:7)
14 verbose stack     at ChildProcess.<anonymous> (D:\Program Files\nodejs\node_modules\npm\lib\utils\spawn.js:40:14)
14 verbose stack     at emitTwo (events.js:106:13)
14 verbose stack     at ChildProcess.emit (events.js:191:7)
14 verbose stack     at maybeClose (internal/child_process.js:877:16)
14 verbose stack     at Process.ChildProcess._handle.onexit (internal/child_process.js:226:5)
15 verbose pkgid bike-app@1.0.0
16 verbose cwd D:\Documents\bike\public
17 error Windows_NT 10.0.14393
18 error argv "D:\\Program Files\\nodejs\\node.exe" "D:\\Program Files\\nodejs\\node_modules\\npm\\bin\\npm-cli.js" "run" "tsc"
19 error node v6.7.0
20 error npm  v3.10.3
21 error code ELIFECYCLE
22 error bike-app@1.0.0 tsc: `tsc`
22 error Exit status 2
23 error Failed at the bike-app@1.0.0 tsc script 'tsc'.
23 error Make sure you have the latest version of node.js and npm installed.
23 error If you do, this is most likely a problem with the bike-app package,
23 error not with npm itself.
23 error Tell the author that this fails on your system:
23 error     tsc
23 error You can get information on how to open an issue for this project with:
23 error     npm bugs bike-app
23 error Or if that isn't available, you can get their info via:
23 error     npm owner ls bike-app
23 error There is likely additional logging output above.
24 verbose exit [ 1, true ]
